<?xml version="1.0" encoding="UTF-8"?>
<robot generator="Robot 3.1.2 (Python 3.8.2 on win32)" generated="20200308 01:41:16.123" rpa="false">
<suite id="s1" name="Login Form" source="c:\qaninja\robot\web\tests\login_form.robot">
<test id="s1-t1" name="Login com sucesso">
<kw name="Nova sessão" library="base" type="setup">
<kw name="Open Browser" library="SeleniumLibrary">
<doc>Opens a new browser instance to the optional ``url``.</doc>
<arguments>
<arg>${url}</arg>
<arg>chrome</arg>
</arguments>
<msg timestamp="20200308 01:41:16.383" level="INFO">Opening browser 'chrome' to base url 'http://tomcat.tdxrh.ws:8080/rhsoft/rhsoft.html?schema=trf_qa'.</msg>
<status status="PASS" starttime="20200308 01:41:16.383" endtime="20200308 01:41:23.387"></status>
</kw>
<status status="PASS" starttime="20200308 01:41:16.383" endtime="20200308 01:41:23.388"></status>
</kw>
<kw name="Go To" library="SeleniumLibrary">
<doc>Navigates the current browser window to the provided ``url``.</doc>
<arguments>
<arg>http://tomcat.tdxrh.ws:8080/rhsoft/rhsoft.html?schema=trf_qa</arg>
</arguments>
<msg timestamp="20200308 01:41:23.389" level="INFO">Opening url 'http://tomcat.tdxrh.ws:8080/rhsoft/rhsoft.html?schema=trf_qa'</msg>
<status status="PASS" starttime="20200308 01:41:23.389" endtime="20200308 01:41:24.488"></status>
</kw>
<kw name="Wait Until Page Contains Element" library="SeleniumLibrary">
<doc>Waits until the element ``locator`` appears on the current page.</doc>
<arguments>
<arg>css:input[id='userItem']</arg>
<arg>${timeout}</arg>
</arguments>
<status status="PASS" starttime="20200308 01:41:24.489" endtime="20200308 01:42:17.352"></status>
</kw>
<kw name="Input Text" library="SeleniumLibrary">
<doc>Types the given ``text`` into the text field identified by ``locator``.</doc>
<arguments>
<arg>css:input[id='userItem']</arg>
<arg>${user}</arg>
</arguments>
<msg timestamp="20200308 01:42:17.352" level="INFO">Typing text 'RHSOFT_ADM' into text field 'css:input[id='userItem']'.</msg>
<status status="PASS" starttime="20200308 01:42:17.352" endtime="20200308 01:42:17.521"></status>
</kw>
<kw name="Input Text" library="SeleniumLibrary">
<doc>Types the given ``text`` into the text field identified by ``locator``.</doc>
<arguments>
<arg>css:input[id='passItem']</arg>
<arg>${pwsd}</arg>
</arguments>
<msg timestamp="20200308 01:42:17.522" level="INFO">Typing text 'SOFT' into text field 'css:input[id='passItem']'.</msg>
<status status="PASS" starttime="20200308 01:42:17.522" endtime="20200308 01:42:17.662"></status>
</kw>
<kw name="Click Element" library="SeleniumLibrary">
<doc>Click the element identified by ``locator``.</doc>
<arguments>
<arg>css:button[id='btlogin']</arg>
</arguments>
<msg timestamp="20200308 01:42:17.662" level="INFO">Clicking element 'css:button[id='btlogin']'.</msg>
<status status="PASS" starttime="20200308 01:42:17.662" endtime="20200308 01:42:17.757"></status>
</kw>
<kw name="Wait Until Page Contains Element" library="SeleniumLibrary">
<doc>Waits until the element ``locator`` appears on the current page.</doc>
<arguments>
<arg>css:span[class='slick-column-name']</arg>
<arg>${timeout}</arg>
</arguments>
<status status="PASS" starttime="20200308 01:42:17.758" endtime="20200308 01:42:18.852"></status>
</kw>
<kw name="Click Element" library="SeleniumLibrary">
<doc>Click the element identified by ``locator``.</doc>
<arguments>
<arg>css:button[id='login']</arg>
</arguments>
<msg timestamp="20200308 01:42:18.853" level="INFO">Clicking element 'css:button[id='login']'.</msg>
<status status="PASS" starttime="20200308 01:42:18.853" endtime="20200308 01:42:19.175"></status>
</kw>
<kw name="Wait Until Page Contains" library="SeleniumLibrary">
<doc>Waits until ``text`` appears on the current page.</doc>
<arguments>
<arg>${user}</arg>
<arg>${timeout}</arg>
</arguments>
<status status="PASS" starttime="20200308 01:42:19.175" endtime="20200308 01:42:22.980"></status>
</kw>
<kw name="Page Should Contain" library="SeleniumLibrary">
<doc>Verifies that current page contains ``text``.</doc>
<arguments>
<arg>${user}</arg>
</arguments>
<msg timestamp="20200308 01:42:22.999" level="INFO">Current page contains text 'RHSOFT_ADM'.</msg>
<status status="PASS" starttime="20200308 01:42:22.982" endtime="20200308 01:42:22.999"></status>
</kw>
<kw name="Encerra sessão" library="base" type="teardown">
<kw name="Capture Page Screenshot" library="SeleniumLibrary">
<doc>Takes a screenshot of the current page and embeds it into a log file.</doc>
<msg timestamp="20200308 01:42:23.513" level="INFO" html="yes">&lt;/td&gt;&lt;/tr&gt;&lt;tr&gt;&lt;td colspan="3"&gt;&lt;a href="selenium-screenshot-86.png"&gt;&lt;img src="selenium-screenshot-86.png" width="800px"&gt;&lt;/a&gt;</msg>
<status status="PASS" starttime="20200308 01:42:23.000" endtime="20200308 01:42:23.513"></status>
</kw>
<kw name="Close Browser" library="SeleniumLibrary">
<doc>Closes the current browser.</doc>
<status status="PASS" starttime="20200308 01:42:23.513" endtime="20200308 01:42:25.932"></status>
</kw>
<status status="PASS" starttime="20200308 01:42:23.000" endtime="20200308 01:42:25.932"></status>
</kw>
<status status="PASS" starttime="20200308 01:41:16.383" endtime="20200308 01:42:25.933" critical="yes"></status>
</test>
<status status="PASS" starttime="20200308 01:41:16.123" endtime="20200308 01:42:25.933"></status>
</suite>
<statistics>
<total>
<stat pass="1" fail="0">Critical Tests</stat>
<stat pass="1" fail="0">All Tests</stat>
</total>
<tag>
</tag>
<suite>
<stat pass="1" fail="0" id="s1" name="Login Form">Login Form</stat>
</suite>
</statistics>
<errors>
</errors>
</robot>
